<?xml version="1.0" encoding="UTF-8"?>
<testng-results skipped="0" failed="0" ignored="0" total="1" passed="1">
  <reporter-output>
  </reporter-output>
  <suite name="Default suite" duration-ms="6517" started-at="2018-04-29T08:05:52Z" finished-at="2018-04-29T08:05:58Z">
    <groups>
    </groups>
    <test name="Default test" duration-ms="6517" started-at="2018-04-29T08:05:52Z" finished-at="2018-04-29T08:05:58Z">
      <class name="testcases.TC002">
        <test-method status="PASS" signature="f()[pri:0, instance:testcases.TC002@18be83e4]" name="f" duration-ms="6499" started-at="2018-04-29T01:05:52Z" finished-at="2018-04-29T01:05:58Z">
          <reporter-output>
          </reporter-output>
        </test-method> <!-- f -->
      </class> <!-- testcases.TC002 -->
    </test> <!-- Default test -->
  </suite> <!-- Default suite -->
</testng-results>
